Determining if the pthread_create exist failed with the following output:
Change Dir: /home/hgj/Project/cuda/cuda_by_example/build/CMakeFiles/CMakeTmp

Run Build Command:"/usr/bin/make" "cmTC_bc153/fast"
/usr/bin/make -f CMakeFiles/cmTC_bc153.dir/build.make CMakeFiles/cmTC_bc153.dir/build
make[1]: Entering directory '/home/hgj/Project/cuda/cuda_by_example/build/CMakeFiles/CMakeTmp'
Building C object CMakeFiles/cmTC_bc153.dir/CheckSymbolExists.c.o
/usr/bin/cc   -fPIC    -o CMakeFiles/cmTC_bc153.dir/CheckSymbolExists.c.o   -c /home/hgj/Project/cuda/cuda_by_example/build/CMakeFiles/CMakeTmp/CheckSymbolExists.c
Linking C executable cmTC_bc153
/home/hgj/Support/cmake-3.8.2-Linux-x86_64/bin/cmake -E cmake_link_script CMakeFiles/cmTC_bc153.dir/link.txt --verbose=1
/usr/bin/cc -fPIC     -rdynamic CMakeFiles/cmTC_bc153.dir/CheckSymbolExists.c.o  -o cmTC_bc153 
CMakeFiles/cmTC_bc153.dir/CheckSymbolExists.c.o: In function `main':
CheckSymbolExists.c:(.text+0x1b): undefined reference to `pthread_create'
collect2: error: ld returned 1 exit status
CMakeFiles/cmTC_bc153.dir/build.make:97: recipe for target 'cmTC_bc153' failed
make[1]: *** [cmTC_bc153] Error 1
make[1]: Leaving directory '/home/hgj/Project/cuda/cuda_by_example/build/CMakeFiles/CMakeTmp'
Makefile:126: recipe for target 'cmTC_bc153/fast' failed
make: *** [cmTC_bc153/fast] Error 2

File /home/hgj/Project/cuda/cuda_by_example/build/CMakeFiles/CMakeTmp/CheckSymbolExists.c:
/* */
#include <pthread.h>

int main(int argc, char** argv)
{
  (void)argv;
#ifndef pthread_create
  return ((int*)(&pthread_create))[argc];
#else
  (void)argc;
  return 0;
#endif
}

Determining if the function pthread_create exists in the pthreads failed with the following output:
Change Dir: /home/hgj/Project/cuda/cuda_by_example/build/CMakeFiles/CMakeTmp

Run Build Command:"/usr/bin/make" "cmTC_8626b/fast"
/usr/bin/make -f CMakeFiles/cmTC_8626b.dir/build.make CMakeFiles/cmTC_8626b.dir/build
make[1]: Entering directory '/home/hgj/Project/cuda/cuda_by_example/build/CMakeFiles/CMakeTmp'
Building C object CMakeFiles/cmTC_8626b.dir/CheckFunctionExists.c.o
/usr/bin/cc   -fPIC -DCHECK_FUNCTION_EXISTS=pthread_create   -o CMakeFiles/cmTC_8626b.dir/CheckFunctionExists.c.o   -c /home/hgj/Support/cmake-3.8.2-Linux-x86_64/share/cmake-3.8/Modules/CheckFunctionExists.c
Linking C executable cmTC_8626b
/home/hgj/Support/cmake-3.8.2-Linux-x86_64/bin/cmake -E cmake_link_script CMakeFiles/cmTC_8626b.dir/link.txt --verbose=1
/usr/bin/cc -fPIC -DCHECK_FUNCTION_EXISTS=pthread_create    -rdynamic CMakeFiles/cmTC_8626b.dir/CheckFunctionExists.c.o  -o cmTC_8626b -lpthreads 
/usr/bin/ld: cannot find -lpthreads
collect2: error: ld returned 1 exit status
CMakeFiles/cmTC_8626b.dir/build.make:97: recipe for target 'cmTC_8626b' failed
make[1]: *** [cmTC_8626b] Error 1
make[1]: Leaving directory '/home/hgj/Project/cuda/cuda_by_example/build/CMakeFiles/CMakeTmp'
Makefile:126: recipe for target 'cmTC_8626b/fast' failed
make: *** [cmTC_8626b/fast] Error 2


